step=story-analyst bytes=6766 ts=15:16:22
step=clarifier bytes=19126 ts=15:17:35
step=stakeholder-sim bytes=13455 ts=15:18:28
step=story-decomposer bytes=25637 ts=15:19:06
step=ac-writer-batch-01 bytes=30373 ts=15:25:03
step=ac-writer-batch-02 bytes=32710 ts=15:47:42
step=ac-writer-batch-03 bytes=30955 ts=16:10:17
step=ac-writer-batch-04 bytes=23075 ts=16:32:57
step=ac-summarizer bytes=21130 ts=16:39:55
step=test-generator-batch-01 bytes=6495 ts=16:40:22
step=test-summarizer bytes=7932 ts=16:49:22
step=story-reviewer bytes=59222 ts=16:49:33
step=rev-1-ac-batch-01 bytes=50550 ts=17:02:16
step=rev-1-ac-batch-02 bytes=52887 ts=17:24:52
step=rev-1-ac-batch-03 bytes=51132 ts=17:47:30
step=rev-1-ac-batch-04 bytes=43252 ts=18:10:12
step=rev-1-ac-summarizer bytes=20898 ts=18:32:51
step=rev-1-test-batch-01 bytes=6310 ts=18:33:16
step=rev-1-test-summarizer bytes=7014 ts=18:34:02
step=rev-1-story-reviewer bytes=59771 ts=18:34:19
step=rev-2-ac-batch-01 bytes=57620 ts=18:40:18
step=rev-2-ac-batch-02 bytes=59957 ts=19:54:47
step=rev-2-ac-batch-03 bytes=58202 ts=01:06:50
step=rev-2-ac-batch-04 bytes=50322 ts=05:30:15
step=rev-2-ac-summarizer bytes=21110 ts=07:51:25
step=rev-2-test-batch-01 bytes=6522 ts=07:53:44
step=rev-2-test-summarizer bytes=7586 ts=07:54:49
step=rev-2-story-reviewer bytes=57917 ts=08:01:50
